2020-05-07 00:51:54,683 Interface started!
2020-05-07 00:54:26,513 Interface started!
2020-05-07 00:55:50,678 Interface started!
2020-05-07 00:56:00,365 Interface started!
2020-05-07 01:09:18,975 Interface started!
2020-05-07 01:13:45,129 Interface started!
2020-05-07 01:26:53,900 Interface started!
2020-05-07 01:27:35,823 Interface started!
2020-05-07 01:30:56,566 Interface started!
2020-05-07 01:42:32,223 Interface started!
2020-05-07 01:42:57,225 Interface started!
2020-05-07 01:43:48,468 Interface started!
2020-05-07 01:45:15,850 Interface started!
2020-05-07 01:45:22,663 Sniffing stopped
2020-05-07 01:45:35,803 Sniffing stopped
2020-05-07 01:46:19,875 Interface started!
2020-05-07 01:46:36,196 Sniffing stopped
2020-05-07 01:49:55,953 Interface started!
2020-05-07 01:50:06,978 Sniffing stopped
2020-05-07 01:50:36,961 Interface started!
2020-05-07 01:50:49,711 Sniffing stopped
2020-05-07 01:54:02,931 Interface started!
2020-05-07 01:54:13,654 Sniffing stopped
2020-05-07 02:07:51,819 Interface started!
2020-05-07 02:09:30,925 Interface started!
2020-05-07 02:10:28,169 Interface started!
2020-05-07 02:14:56,257 Interface started!
2020-05-07 02:14:59,394 Wrong interface selected!
2020-05-07 02:16:44,247 Interface started!
2020-05-07 02:17:41,207 Interface started!
2020-05-07 02:19:12,343 Interface started!
2020-05-07 02:19:47,179 Interface started!
2020-05-07 02:20:01,848 Interface started!
2020-05-07 02:57:37,545 Interface started!
2020-05-07 02:57:41,737 Wrong interface selected!
2020-05-07 02:59:07,060 Interface started!
2020-05-07 02:59:11,621 Wrong interface selected!
2020-05-07 03:03:27,034 Interface started!
2020-05-07 03:18:01,134 Interface started!
2020-05-07 03:44:17,623 Interface started!
2020-05-07 03:44:21,832 Wrong interface selected!
2020-05-07 03:44:49,337 Interface started!
2020-05-07 03:44:54,006 Wrong interface selected!
2020-05-07 03:51:50,300 Interface started!
2020-05-07 03:51:54,085 Wrong interface selected!
2020-05-07 04:24:31,545 Interface started!
2020-05-07 04:25:15,933 Interface started!
2020-05-07 04:38:14,495 Interface started!
2020-05-07 04:38:18,198 Wrong interface selected!
2020-05-07 04:38:42,556 Interface started!
2020-05-07 04:38:46,199 Wrong interface selected!
2020-05-07 04:50:54,537 Interface started!
2020-05-07 04:52:48,905 Interface started!
2020-05-07 05:20:08,658 Interface started!
2020-05-07 05:20:13,750 Wrong interface selected!
2020-05-07 05:23:08,424 Interface started!
2020-05-07 05:23:12,268 Wrong interface selected!
2020-05-07 05:26:10,517 Interface started!
2020-05-07 05:26:14,671 Wrong interface selected!
2020-05-07 05:27:37,671 Interface started!
2020-05-07 05:27:41,968 Wrong interface selected!
2020-05-07 05:31:26,508 Interface started!
2020-05-07 05:31:31,415 Wrong interface selected!
2020-05-07 05:35:52,433 Interface started!
2020-05-07 05:37:38,426 Interface started!
2020-05-07 05:42:37,204 Interface started!
2020-05-07 05:43:44,946 Interface started!
2020-05-07 05:44:54,368 Interface started!
2020-05-07 05:57:25,681 Interface started!
2020-05-07 05:59:40,370 Interface started!
2020-05-07 06:01:06,987 Interface started!
2020-05-07 06:02:11,220 Interface started!
2020-05-07 06:03:52,538 Interface started!
2020-05-07 06:06:07,901 Interface started!
2020-05-07 06:10:07,701 Interface started!
2020-05-07 06:12:00,301 Interface started!
2020-05-07 06:17:17,464 Interface started!
2020-05-07 06:23:05,387 Interface started!
2020-05-07 06:24:10,529 Interface started!
2020-05-07 06:24:44,970 Interface started!
2020-05-07 06:26:40,718 Interface started!
2020-05-07 06:28:30,830 Interface started!
2020-05-07 06:30:43,083 Interface started!
2020-05-07 06:34:34,954 Interface started!
2020-05-07 06:37:17,721 Interface started!
2020-05-07 06:37:42,980 Interface started!
2020-05-07 06:41:15,336 Interface started!
2020-05-07 06:46:57,855 Interface started!
2020-05-07 06:48:28,185 Interface started!
2020-05-07 06:49:00,432 Interface started!
2020-05-07 06:57:18,068 Interface started!
2020-05-07 07:05:30,835 Interface started!
2020-05-07 07:38:25,450 Interface started!
2020-05-07 07:39:32,608 Interface started!
2020-05-07 07:41:28,249 Interface started!
2020-05-07 07:45:00,379 Interface started!
2020-05-07 07:45:58,776 Interface started!
2020-05-07 07:50:44,823 Interface started!
2020-05-07 07:51:20,430 Interface started!
2020-05-07 07:51:41,309 Interface started!
2020-05-07 07:55:43,403 Interface started!
2020-05-07 07:57:06,311 Interface started!
2020-05-07 07:57:51,811 Interface started!
2020-05-07 07:59:22,529 Interface started!
2020-05-07 08:01:15,629 Interface started!
2020-05-07 08:18:01,733 Interface started!
2020-05-07 08:18:09,374 Calling str(pkt) on Python 3 makes no sense!
2020-05-07 08:18:09,375 Calling str(pkt) on Python 3 makes no sense!
2020-05-07 08:18:10,189 more Calling str(pkt) on Python 3 makes no sense!
2020-05-07 08:18:15,036 Calling str(pkt) on Python 3 makes no sense!
2020-05-07 08:18:15,037 Calling str(pkt) on Python 3 makes no sense!
2020-05-07 08:18:15,315 more Calling str(pkt) on Python 3 makes no sense!
2020-05-07 08:18:22,672 Calling str(pkt) on Python 3 makes no sense!
2020-05-07 08:18:22,884 Calling str(pkt) on Python 3 makes no sense!
2020-05-07 08:18:23,950 more Calling str(pkt) on Python 3 makes no sense!
2020-05-07 08:18:29,174 Calling str(pkt) on Python 3 makes no sense!
2020-05-07 08:18:29,175 Calling str(pkt) on Python 3 makes no sense!
2020-05-07 08:18:29,342 more Calling str(pkt) on Python 3 makes no sense!
2020-05-07 08:18:34,758 Calling str(pkt) on Python 3 makes no sense!
2020-05-07 08:18:34,759 Calling str(pkt) on Python 3 makes no sense!
2020-05-07 08:18:35,575 more Calling str(pkt) on Python 3 makes no sense!
2020-05-07 08:36:21,272 Interface started!
2020-05-07 08:36:30,676 Calling str(pkt) on Python 3 makes no sense!
2020-05-07 08:36:30,744 Calling str(pkt) on Python 3 makes no sense!
2020-05-07 08:36:30,796 more Calling str(pkt) on Python 3 makes no sense!
2020-05-07 08:38:07,814 Interface started!
2020-05-07 08:38:14,790 Calling str(pkt) on Python 3 makes no sense!
2020-05-07 08:38:14,806 Calling str(pkt) on Python 3 makes no sense!
2020-05-07 08:38:14,807 more Calling str(pkt) on Python 3 makes no sense!
2020-05-07 08:38:20,112 Calling str(pkt) on Python 3 makes no sense!
2020-05-07 08:38:20,527 Calling str(pkt) on Python 3 makes no sense!
2020-05-07 08:38:22,740 more Calling str(pkt) on Python 3 makes no sense!
2020-05-07 08:38:26,528 Calling str(pkt) on Python 3 makes no sense!
2020-05-07 08:38:26,528 Calling str(pkt) on Python 3 makes no sense!
2020-05-07 08:38:26,558 more Calling str(pkt) on Python 3 makes no sense!
2020-05-07 08:40:03,104 Interface started!
2020-05-07 08:40:07,479 Calling str(pkt) on Python 3 makes no sense!
2020-05-07 08:40:07,480 Calling str(pkt) on Python 3 makes no sense!
2020-05-07 08:40:07,481 more Calling str(pkt) on Python 3 makes no sense!
2020-05-07 08:40:12,848 Calling str(pkt) on Python 3 makes no sense!
2020-05-07 08:40:12,848 Calling str(pkt) on Python 3 makes no sense!
2020-05-07 08:40:13,415 more Calling str(pkt) on Python 3 makes no sense!
2020-05-07 08:40:18,009 Calling str(pkt) on Python 3 makes no sense!
2020-05-07 08:40:18,010 Calling str(pkt) on Python 3 makes no sense!
2020-05-07 08:40:18,085 more Calling str(pkt) on Python 3 makes no sense!
2020-05-07 08:40:23,078 Calling str(pkt) on Python 3 makes no sense!
2020-05-07 08:40:23,079 Calling str(pkt) on Python 3 makes no sense!
2020-05-07 08:40:23,429 more Calling str(pkt) on Python 3 makes no sense!
2020-05-07 08:40:59,421 Interface started!
2020-05-07 08:41:03,997 Calling str(pkt) on Python 3 makes no sense!
2020-05-07 08:41:03,999 Calling str(pkt) on Python 3 makes no sense!
2020-05-07 08:41:04,667 more Calling str(pkt) on Python 3 makes no sense!
2020-05-07 08:41:09,065 Calling str(pkt) on Python 3 makes no sense!
2020-05-07 08:41:09,066 Calling str(pkt) on Python 3 makes no sense!
2020-05-07 08:41:09,112 more Calling str(pkt) on Python 3 makes no sense!
2020-05-07 08:41:16,965 Calling str(pkt) on Python 3 makes no sense!
2020-05-07 08:41:17,093 Calling str(pkt) on Python 3 makes no sense!
2020-05-07 08:41:18,473 more Calling str(pkt) on Python 3 makes no sense!
2020-05-07 08:41:21,976 Calling str(pkt) on Python 3 makes no sense!
2020-05-07 08:41:21,977 Calling str(pkt) on Python 3 makes no sense!
2020-05-07 08:41:22,811 more Calling str(pkt) on Python 3 makes no sense!
2020-05-07 08:41:27,163 Calling str(pkt) on Python 3 makes no sense!
2020-05-07 08:41:27,164 Calling str(pkt) on Python 3 makes no sense!
2020-05-07 08:41:27,172 more Calling str(pkt) on Python 3 makes no sense!
2020-05-07 08:41:34,885 Calling str(pkt) on Python 3 makes no sense!
2020-05-07 08:41:34,886 Calling str(pkt) on Python 3 makes no sense!
2020-05-07 08:41:34,900 more Calling str(pkt) on Python 3 makes no sense!
2020-05-07 08:41:40,005 Calling str(pkt) on Python 3 makes no sense!
2020-05-07 08:41:40,056 Calling str(pkt) on Python 3 makes no sense!
2020-05-07 08:41:40,239 more Calling str(pkt) on Python 3 makes no sense!
